<?xml version="1.0" encoding="UTF-8"?>
<!-- Generated by org.testng.reporters.JUnitXMLReporter -->
<testsuite ignored="0" hostname="LAPTOP-RE3742N9" failures="0" tests="1" name="Test" time="4.336" errors="0" timestamp="2022-07-18T14:53:56 IST">
  <testcase classname="testPack.TestClass" name="@BeforeMethod loginToApplication" time="0.001">
    <failure type="java.lang.NullPointerException" message="Cannot invoke &amp;quot;org.openqa.selenium.WebDriver.get(String)&amp;quot; because &amp;quot;this.driver&amp;quot; is null">
      <![CDATA[java.lang.NullPointerException: Cannot invoke "org.openqa.selenium.WebDriver.get(String)" because "this.driver" is null
at testPack.TestClass.loginToApplication(TestClass.java:34)
at java.base/java.util.ArrayList.forEach(ArrayList.java:1511)
... Removed 31 stack frames]]>
    </failure>
  </testcase> <!-- @BeforeMethod loginToApplication -->
  <testcase classname="testPack.TestClass" name="@AfterMethod logoutFromApplication" time="-1.658136236857E9">
    <skipped/>
  </testcase> <!-- @AfterMethod logoutFromApplication -->
  <testcase classname="testPack.TestClass" name="@AfterClass closeBrowser" time="-1.658136236862E9">
    <skipped/>
  </testcase> <!-- @AfterClass closeBrowser -->
  <testcase classname="testPack.TestClass" name="verifyVehicleTrackingButton" time="0.0">
    <skipped/>
  </testcase> <!-- verifyVehicleTrackingButton -->
</testsuite> <!-- Test -->
